Analysis & Synthesis report for lab_exam_1
Mon Jan 23 20:33:52 2017
Quartus Prime Version 16.1.0 Build 196 10/24/2016 SJ Lite Edition


---------------------
; Table of Contents ;
---------------------
  1. Legal Notice
  2. Analysis & Synthesis Summary
  3. Analysis & Synthesis Settings
  4. Parallel Compilation
  5. Analysis & Synthesis Source Files Read
  6. Analysis & Synthesis Resource Usage Summary
  7. Analysis & Synthesis Resource Utilization by Entity
  8. Analysis & Synthesis RAM Summary
  9. Analysis & Synthesis DSP Block Usage Summary
 10. Registers Protected by Synthesis
 11. General Register Statistics
 12. Source assignments for EE465_filter_test_baseband:SRRC_test
 13. Source assignments for Top-level Entity: |lab_exam_1
 14. Post-Synthesis Netlist Statistics for Top Partition
 15. Elapsed Time Per Partition
 16. Analysis & Synthesis Messages



----------------
; Legal Notice ;
----------------
Copyright (C) 2016  Intel Corporation. All rights reserved.
Your use of Intel Corporation's design tools, logic functions 
and other software and tools, and its AMPP partner logic 
functions, and any output files from any of the foregoing 
(including device programming or simulation files), and any 
associated documentation or information are expressly subject 
to the terms and conditions of the Intel Program License 
Subscription Agreement, the Intel Quartus Prime License Agreement,
the Intel MegaCore Function License Agreement, or other 
applicable license agreement, including, without limitation, 
that your use is for the sole purpose of programming logic 
devices manufactured by Intel and sold by Intel or its 
authorized distributors.  Please refer to the applicable 
agreement for further details.



+----------------------------------------------------------------------------------+
; Analysis & Synthesis Summary                                                     ;
+------------------------------------+---------------------------------------------+
; Analysis & Synthesis Status        ; Successful - Mon Jan 23 20:33:52 2017       ;
; Quartus Prime Version              ; 16.1.0 Build 196 10/24/2016 SJ Lite Edition ;
; Revision Name                      ; lab_exam_1                                  ;
; Top-level Entity Name              ; lab_exam_1                                  ;
; Family                             ; Cyclone IV E                                ;
; Total logic elements               ; 892                                         ;
;     Total combinational functions  ; 517                                         ;
;     Dedicated logic registers      ; 654                                         ;
; Total registers                    ; 654                                         ;
; Total pins                         ; 151                                         ;
; Total virtual pins                 ; 0                                           ;
; Total memory bits                  ; 204                                         ;
; Embedded Multiplier 9-bit elements ; 16                                          ;
; Total PLLs                         ; 0                                           ;
+------------------------------------+---------------------------------------------+


+----------------------------------------------------------------------------------------------------------------------+
; Analysis & Synthesis Settings                                                                                        ;
+----------------------------------------------------------------------------+--------------------+--------------------+
; Option                                                                     ; Setting            ; Default Value      ;
+----------------------------------------------------------------------------+--------------------+--------------------+
; Device                                                                     ; EP4CE115F29C7      ;                    ;
; Top-level entity name                                                      ; lab_exam_1         ; lab_exam_1         ;
; Family name                                                                ; Cyclone IV E       ; Cyclone V          ;
; Maximum processors allowed for parallel compilation                        ; All                ;                    ;
; Use smart compilation                                                      ; Off                ; Off                ;
; Enable parallel Assembler and TimeQuest Timing Analyzer during compilation ; On                 ; On                 ;
; Enable compact report table                                                ; Off                ; Off                ;
; Restructure Multiplexers                                                   ; Auto               ; Auto               ;
; Create Debugging Nodes for IP Cores                                        ; Off                ; Off                ;
; Preserve fewer node names                                                  ; On                 ; On                 ;
; OpenCore Plus hardware evaluation                                          ; Enable             ; Enable             ;
; Verilog Version                                                            ; Verilog_2001       ; Verilog_2001       ;
; VHDL Version                                                               ; VHDL_1993          ; VHDL_1993          ;
; State Machine Processing                                                   ; Auto               ; Auto               ;
; Safe State Machine                                                         ; Off                ; Off                ;
; Extract Verilog State Machines                                             ; On                 ; On                 ;
; Extract VHDL State Machines                                                ; On                 ; On                 ;
; Ignore Verilog initial constructs                                          ; Off                ; Off                ;
; Iteration limit for constant Verilog loops                                 ; 5000               ; 5000               ;
; Iteration limit for non-constant Verilog loops                             ; 250                ; 250                ;
; Add Pass-Through Logic to Inferred RAMs                                    ; On                 ; On                 ;
; Infer RAMs from Raw Logic                                                  ; On                 ; On                 ;
; Parallel Synthesis                                                         ; On                 ; On                 ;
; DSP Block Balancing                                                        ; Auto               ; Auto               ;
; NOT Gate Push-Back                                                         ; On                 ; On                 ;
; Power-Up Don't Care                                                        ; On                 ; On                 ;
; Remove Redundant Logic Cells                                               ; Off                ; Off                ;
; Remove Duplicate Registers                                                 ; On                 ; On                 ;
; Ignore CARRY Buffers                                                       ; Off                ; Off                ;
; Ignore CASCADE Buffers                                                     ; Off                ; Off                ;
; Ignore GLOBAL Buffers                                                      ; Off                ; Off                ;
; Ignore ROW GLOBAL Buffers                                                  ; Off                ; Off                ;
; Ignore LCELL Buffers                                                       ; Off                ; Off                ;
; Ignore SOFT Buffers                                                        ; On                 ; On                 ;
; Limit AHDL Integers to 32 Bits                                             ; Off                ; Off                ;
; Optimization Technique                                                     ; Balanced           ; Balanced           ;
; Carry Chain Length                                                         ; 70                 ; 70                 ;
; Auto Carry Chains                                                          ; On                 ; On                 ;
; Auto Open-Drain Pins                                                       ; On                 ; On                 ;
; Perform WYSIWYG Primitive Resynthesis                                      ; Off                ; Off                ;
; Auto ROM Replacement                                                       ; On                 ; On                 ;
; Auto RAM Replacement                                                       ; On                 ; On                 ;
; Auto DSP Block Replacement                                                 ; On                 ; On                 ;
; Auto Shift Register Replacement                                            ; Auto               ; Auto               ;
; Allow Shift Register Merging across Hierarchies                            ; Auto               ; Auto               ;
; Auto Clock Enable Replacement                                              ; On                 ; On                 ;
; Strict RAM Replacement                                                     ; Off                ; Off                ;
; Allow Synchronous Control Signals                                          ; On                 ; On                 ;
; Force Use of Synchronous Clear Signals                                     ; Off                ; Off                ;
; Auto RAM Block Balancing                                                   ; On                 ; On                 ;
; Auto RAM to Logic Cell Conversion                                          ; Off                ; Off                ;
; Auto Resource Sharing                                                      ; Off                ; Off                ;
; Allow Any RAM Size For Recognition                                         ; Off                ; Off                ;
; Allow Any ROM Size For Recognition                                         ; Off                ; Off                ;
; Allow Any Shift Register Size For Recognition                              ; Off                ; Off                ;
; Use LogicLock Constraints during Resource Balancing                        ; On                 ; On                 ;
; Ignore translate_off and synthesis_off directives                          ; Off                ; Off                ;
; Timing-Driven Synthesis                                                    ; On                 ; On                 ;
; Report Parameter Settings                                                  ; On                 ; On                 ;
; Report Source Assignments                                                  ; On                 ; On                 ;
; Report Connectivity Checks                                                 ; On                 ; On                 ;
; Ignore Maximum Fan-Out Assignments                                         ; Off                ; Off                ;
; Synchronization Register Chain Length                                      ; 2                  ; 2                  ;
; PowerPlay Power Optimization During Synthesis                              ; Normal compilation ; Normal compilation ;
; HDL message level                                                          ; Level2             ; Level2             ;
; Suppress Register Optimization Related Messages                            ; Off                ; Off                ;
; Number of Removed Registers Reported in Synthesis Report                   ; 5000               ; 5000               ;
; Number of Swept Nodes Reported in Synthesis Report                         ; 5000               ; 5000               ;
; Number of Inverted Registers Reported in Synthesis Report                  ; 100                ; 100                ;
; Clock MUX Protection                                                       ; On                 ; On                 ;
; Auto Gated Clock Conversion                                                ; Off                ; Off                ;
; Block Design Naming                                                        ; Auto               ; Auto               ;
; SDC constraint protection                                                  ; Off                ; Off                ;
; Synthesis Effort                                                           ; Auto               ; Auto               ;
; Shift Register Replacement - Allow Asynchronous Clear Signal               ; On                 ; On                 ;
; Pre-Mapping Resynthesis Optimization                                       ; Off                ; Off                ;
; Analysis & Synthesis Message Level                                         ; Medium             ; Medium             ;
; Disable Register Merging Across Hierarchies                                ; Auto               ; Auto               ;
; Resource Aware Inference For Block RAM                                     ; On                 ; On                 ;
+----------------------------------------------------------------------------+--------------------+--------------------+


+------------------------------------------+
; Parallel Compilation                     ;
+----------------------------+-------------+
; Processors                 ; Number      ;
+----------------------------+-------------+
; Number detected on machine ; 8           ;
; Maximum allowed            ; 4           ;
;                            ;             ;
; Average used               ; 1.00        ;
; Maximum used               ; 1           ;
;                            ;             ;
; Usage by Processor         ; % Time Used ;
;     Processor 1            ; 100.0%      ;
+----------------------------+-------------+


+---------------------------------------------------------------------------------------------------------------------------------------------------------+
; Analysis & Synthesis Source Files Read                                                                                                                  ;
+----------------------------------+-----------------+------------------------+-----------------------------------------------------------------+---------+
; File Name with User-Entered Path ; Used in Netlist ; File Type              ; File Name with Absolute Path                                    ; Library ;
+----------------------------------+-----------------+------------------------+-----------------------------------------------------------------+---------+
; lab_exam_1.v                     ; yes             ; User Verilog HDL File  ; C:/linux/MOD465/exams/lab-exam-1/lab_exam_1.v                   ;         ;
; EE465_filter_test_baseband.qxp   ; yes             ; User File              ; C:/linux/MOD465/exams/lab-exam-1/EE465_filter_test_baseband.qxp ;         ;
+----------------------------------+-----------------+------------------------+-----------------------------------------------------------------+---------+


+-------------------------------------------------------------------------------------------------------------+
; Analysis & Synthesis Resource Usage Summary                                                                 ;
+---------------------------------------------+---------------------------------------------------------------+
; Resource                                    ; Usage                                                         ;
+---------------------------------------------+---------------------------------------------------------------+
; Estimated Total logic elements              ; 892                                                           ;
;                                             ;                                                               ;
; Total combinational functions               ; 517                                                           ;
; Logic element usage by number of LUT inputs ;                                                               ;
;     -- 4 input functions                    ; 33                                                            ;
;     -- 3 input functions                    ; 365                                                           ;
;     -- <=2 input functions                  ; 119                                                           ;
;                                             ;                                                               ;
; Logic elements by mode                      ;                                                               ;
;     -- normal mode                          ; 170                                                           ;
;     -- arithmetic mode                      ; 347                                                           ;
;                                             ;                                                               ;
; Total registers                             ; 654                                                           ;
;     -- Dedicated logic registers            ; 654                                                           ;
;     -- I/O registers                        ; 0                                                             ;
;                                             ;                                                               ;
; I/O pins                                    ; 151                                                           ;
; Total memory bits                           ; 204                                                           ;
;                                             ;                                                               ;
; Embedded Multiplier 9-bit elements          ; 16                                                            ;
;                                             ;                                                               ;
; Maximum fan-out node                        ; EE465_filter_test_baseband:SRRC_test|clock_box:cb1|counter[0] ;
; Maximum fan-out                             ; 726                                                           ;
; Total fan-out                               ; 3873                                                          ;
; Average fan-out                             ; 2.49                                                          ;
+---------------------------------------------+---------------------------------------------------------------+


+---------------------------------------------------------------------------------------------------------------------------------------------------------------------------------------------------------------------------------------------------------------------------------------------------------------------------------------------------------------------------------------+
; Analysis & Synthesis Resource Utilization by Entity                                                                                                                                                                                                                                                                                                                                   ;
+----------------------------------------------+---------------------+---------------------------+-------------+--------------+---------+-----------+------+--------------+-----------------------------------------------------------------------------------------------------------------------------------------------------------------+----------------------------+--------------+
; Compilation Hierarchy Node                   ; Combinational ALUTs ; Dedicated Logic Registers ; Memory Bits ; DSP Elements ; DSP 9x9 ; DSP 18x18 ; Pins ; Virtual Pins ; Full Hierarchy Name                                                                                                                                             ; Entity Name                ; Library Name ;
+----------------------------------------------+---------------------+---------------------------+-------------+--------------+---------+-----------+------+--------------+-----------------------------------------------------------------------------------------------------------------------------------------------------------------+----------------------------+--------------+
; |lab_exam_1                                  ; 517 (2)             ; 654 (56)                  ; 204         ; 16           ; 0       ; 8         ; 151  ; 0            ; |lab_exam_1                                                                                                                                                     ; lab_exam_1                 ; work         ;
;    |EE465_filter_test_baseband:SRRC_test|    ; 515 (112)           ; 598 (2)                   ; 204         ; 16           ; 0       ; 8         ; 0    ; 0            ; |lab_exam_1|EE465_filter_test_baseband:SRRC_test                                                                                                                ; EE465_filter_test_baseband ; work         ;
;       |LFSR:mlfsr|                           ; 22 (22)             ; 22 (22)                   ; 0           ; 0            ; 0       ; 0         ; 0    ; 0            ; |lab_exam_1|EE465_filter_test_baseband:SRRC_test|LFSR:mlfsr                                                                                                     ; LFSR                       ; work         ;
;       |antialiasing_filter2:a2|              ; 97 (90)             ; 142 (138)                 ; 102         ; 4            ; 0       ; 2         ; 0    ; 0            ; |lab_exam_1|EE465_filter_test_baseband:SRRC_test|antialiasing_filter2:a2                                                                                        ; antialiasing_filter2       ; work         ;
;          |altshift_taps:delay_p1_rtl_0|      ; 7 (0)               ; 4 (0)                     ; 102         ; 0            ; 0       ; 0         ; 0    ; 0            ; |lab_exam_1|EE465_filter_test_baseband:SRRC_test|antialiasing_filter2:a2|altshift_taps:delay_p1_rtl_0                                                           ; altshift_taps              ; work         ;
;             |shift_taps_c6m:auto_generated|  ; 7 (2)               ; 4 (2)                     ; 102         ; 0            ; 0       ; 0         ; 0    ; 0            ; |lab_exam_1|EE465_filter_test_baseband:SRRC_test|antialiasing_filter2:a2|altshift_taps:delay_p1_rtl_0|shift_taps_c6m:auto_generated                             ; shift_taps_c6m             ; work         ;
;                |altsyncram_3l31:altsyncram4| ; 0 (0)               ; 0 (0)                     ; 102         ; 0            ; 0       ; 0         ; 0    ; 0            ; |lab_exam_1|EE465_filter_test_baseband:SRRC_test|antialiasing_filter2:a2|altshift_taps:delay_p1_rtl_0|shift_taps_c6m:auto_generated|altsyncram_3l31:altsyncram4 ; altsyncram_3l31            ; work         ;
;                |cntr_6pf:cntr1|              ; 5 (5)               ; 2 (2)                     ; 0           ; 0            ; 0       ; 0         ; 0    ; 0            ; |lab_exam_1|EE465_filter_test_baseband:SRRC_test|antialiasing_filter2:a2|altshift_taps:delay_p1_rtl_0|shift_taps_c6m:auto_generated|cntr_6pf:cntr1              ; cntr_6pf                   ; work         ;
;          |lpm_mult:Mult0|                    ; 0 (0)               ; 0 (0)                     ; 0           ; 2            ; 0       ; 1         ; 0    ; 0            ; |lab_exam_1|EE465_filter_test_baseband:SRRC_test|antialiasing_filter2:a2|lpm_mult:Mult0                                                                         ; lpm_mult                   ; work         ;
;             |mult_0at:auto_generated|        ; 0 (0)               ; 0 (0)                     ; 0           ; 2            ; 0       ; 1         ; 0    ; 0            ; |lab_exam_1|EE465_filter_test_baseband:SRRC_test|antialiasing_filter2:a2|lpm_mult:Mult0|mult_0at:auto_generated                                                 ; mult_0at                   ; work         ;
;          |lpm_mult:Mult1|                    ; 0 (0)               ; 0 (0)                     ; 0           ; 2            ; 0       ; 1         ; 0    ; 0            ; |lab_exam_1|EE465_filter_test_baseband:SRRC_test|antialiasing_filter2:a2|lpm_mult:Mult1                                                                         ; lpm_mult                   ; work         ;
;             |mult_s9t:auto_generated|        ; 0 (0)               ; 0 (0)                     ; 0           ; 2            ; 0       ; 1         ; 0    ; 0            ; |lab_exam_1|EE465_filter_test_baseband:SRRC_test|antialiasing_filter2:a2|lpm_mult:Mult1|mult_s9t:auto_generated                                                 ; mult_s9t                   ; work         ;
;       |antialiasing_filter2:af2|             ; 90 (90)             ; 141 (141)                 ; 0           ; 4            ; 0       ; 2         ; 0    ; 0            ; |lab_exam_1|EE465_filter_test_baseband:SRRC_test|antialiasing_filter2:af2                                                                                       ; antialiasing_filter2       ; work         ;
;          |lpm_mult:Mult0|                    ; 0 (0)               ; 0 (0)                     ; 0           ; 2            ; 0       ; 1         ; 0    ; 0            ; |lab_exam_1|EE465_filter_test_baseband:SRRC_test|antialiasing_filter2:af2|lpm_mult:Mult0                                                                        ; lpm_mult                   ; work         ;
;             |mult_0at:auto_generated|        ; 0 (0)               ; 0 (0)                     ; 0           ; 2            ; 0       ; 1         ; 0    ; 0            ; |lab_exam_1|EE465_filter_test_baseband:SRRC_test|antialiasing_filter2:af2|lpm_mult:Mult0|mult_0at:auto_generated                                                ; mult_0at                   ; work         ;
;          |lpm_mult:Mult1|                    ; 0 (0)               ; 0 (0)                     ; 0           ; 2            ; 0       ; 1         ; 0    ; 0            ; |lab_exam_1|EE465_filter_test_baseband:SRRC_test|antialiasing_filter2:af2|lpm_mult:Mult1                                                                        ; lpm_mult                   ; work         ;
;             |mult_s9t:auto_generated|        ; 0 (0)               ; 0 (0)                     ; 0           ; 2            ; 0       ; 1         ; 0    ; 0            ; |lab_exam_1|EE465_filter_test_baseband:SRRC_test|antialiasing_filter2:af2|lpm_mult:Mult1|mult_s9t:auto_generated                                                ; mult_s9t                   ; work         ;
;       |antialiasing_filter:a1|               ; 96 (89)             ; 145 (141)                 ; 102         ; 4            ; 0       ; 2         ; 0    ; 0            ; |lab_exam_1|EE465_filter_test_baseband:SRRC_test|antialiasing_filter:a1                                                                                         ; antialiasing_filter        ; work         ;
;          |altshift_taps:delay_p1_rtl_0|      ; 7 (0)               ; 4 (0)                     ; 102         ; 0            ; 0       ; 0         ; 0    ; 0            ; |lab_exam_1|EE465_filter_test_baseband:SRRC_test|antialiasing_filter:a1|altshift_taps:delay_p1_rtl_0                                                            ; altshift_taps              ; work         ;
;             |shift_taps_pnm:auto_generated|  ; 7 (2)               ; 4 (2)                     ; 102         ; 0            ; 0       ; 0         ; 0    ; 0            ; |lab_exam_1|EE465_filter_test_baseband:SRRC_test|antialiasing_filter:a1|altshift_taps:delay_p1_rtl_0|shift_taps_pnm:auto_generated                              ; shift_taps_pnm             ; work         ;
;                |altsyncram_3l31:altsyncram4| ; 0 (0)               ; 0 (0)                     ; 102         ; 0            ; 0       ; 0         ; 0    ; 0            ; |lab_exam_1|EE465_filter_test_baseband:SRRC_test|antialiasing_filter:a1|altshift_taps:delay_p1_rtl_0|shift_taps_pnm:auto_generated|altsyncram_3l31:altsyncram4  ; altsyncram_3l31            ; work         ;
;                |cntr_6pf:cntr1|              ; 5 (5)               ; 2 (2)                     ; 0           ; 0            ; 0       ; 0         ; 0    ; 0            ; |lab_exam_1|EE465_filter_test_baseband:SRRC_test|antialiasing_filter:a1|altshift_taps:delay_p1_rtl_0|shift_taps_pnm:auto_generated|cntr_6pf:cntr1               ; cntr_6pf                   ; work         ;
;          |lpm_mult:Mult0|                    ; 0 (0)               ; 0 (0)                     ; 0           ; 2            ; 0       ; 1         ; 0    ; 0            ; |lab_exam_1|EE465_filter_test_baseband:SRRC_test|antialiasing_filter:a1|lpm_mult:Mult0                                                                          ; lpm_mult                   ; work         ;
;             |mult_0at:auto_generated|        ; 0 (0)               ; 0 (0)                     ; 0           ; 2            ; 0       ; 1         ; 0    ; 0            ; |lab_exam_1|EE465_filter_test_baseband:SRRC_test|antialiasing_filter:a1|lpm_mult:Mult0|mult_0at:auto_generated                                                  ; mult_0at                   ; work         ;
;          |lpm_mult:Mult1|                    ; 0 (0)               ; 0 (0)                     ; 0           ; 2            ; 0       ; 1         ; 0    ; 0            ; |lab_exam_1|EE465_filter_test_baseband:SRRC_test|antialiasing_filter:a1|lpm_mult:Mult1                                                                          ; lpm_mult                   ; work         ;
;             |mult_s9t:auto_generated|        ; 0 (0)               ; 0 (0)                     ; 0           ; 2            ; 0       ; 1         ; 0    ; 0            ; |lab_exam_1|EE465_filter_test_baseband:SRRC_test|antialiasing_filter:a1|lpm_mult:Mult1|mult_s9t:auto_generated                                                  ; mult_s9t                   ; work         ;
;       |antialiasing_filter:af1|              ; 90 (90)             ; 141 (141)                 ; 0           ; 4            ; 0       ; 2         ; 0    ; 0            ; |lab_exam_1|EE465_filter_test_baseband:SRRC_test|antialiasing_filter:af1                                                                                        ; antialiasing_filter        ; work         ;
;          |lpm_mult:Mult0|                    ; 0 (0)               ; 0 (0)                     ; 0           ; 2            ; 0       ; 1         ; 0    ; 0            ; |lab_exam_1|EE465_filter_test_baseband:SRRC_test|antialiasing_filter:af1|lpm_mult:Mult0                                                                         ; lpm_mult                   ; work         ;
;             |mult_0at:auto_generated|        ; 0 (0)               ; 0 (0)                     ; 0           ; 2            ; 0       ; 1         ; 0    ; 0            ; |lab_exam_1|EE465_filter_test_baseband:SRRC_test|antialiasing_filter:af1|lpm_mult:Mult0|mult_0at:auto_generated                                                 ; mult_0at                   ; work         ;
;          |lpm_mult:Mult1|                    ; 0 (0)               ; 0 (0)                     ; 0           ; 2            ; 0       ; 1         ; 0    ; 0            ; |lab_exam_1|EE465_filter_test_baseband:SRRC_test|antialiasing_filter:af1|lpm_mult:Mult1                                                                         ; lpm_mult                   ; work         ;
;             |mult_s9t:auto_generated|        ; 0 (0)               ; 0 (0)                     ; 0           ; 2            ; 0       ; 1         ; 0    ; 0            ; |lab_exam_1|EE465_filter_test_baseband:SRRC_test|antialiasing_filter:af1|lpm_mult:Mult1|mult_s9t:auto_generated                                                 ; mult_s9t                   ; work         ;
;       |clock_box:cb1|                        ; 8 (8)               ; 5 (5)                     ; 0           ; 0            ; 0       ; 0         ; 0    ; 0            ; |lab_exam_1|EE465_filter_test_baseband:SRRC_test|clock_box:cb1                                                                                                  ; clock_box                  ; work         ;
+----------------------------------------------+---------------------+---------------------------+-------------+--------------+---------+-----------+------+--------------+-----------------------------------------------------------------------------------------------------------------------------------------------------------------+----------------------------+--------------+
Note: For table entries with two numbers listed, the numbers in parentheses indicate the number of resources of the given type used by the specific entity alone. The numbers listed outside of parentheses indicate the total resources of the given type used by the specific entity and all of its sub-entities in the hierarchy.


+--------------------------------------------------------------------------------------------------------------------------------------------------------------------------------------------------------------------------------------------------------------------+
; Analysis & Synthesis RAM Summary                                                                                                                                                                                                                                   ;
+----------------------------------------------------------------------------------------------------------------------------------------------------------------+------+------------------+--------------+--------------+--------------+--------------+------+------+
; Name                                                                                                                                                           ; Type ; Mode             ; Port A Depth ; Port A Width ; Port B Depth ; Port B Width ; Size ; MIF  ;
+----------------------------------------------------------------------------------------------------------------------------------------------------------------+------+------------------+--------------+--------------+--------------+--------------+------+------+
; EE465_filter_test_baseband:SRRC_test|antialiasing_filter2:a2|altshift_taps:delay_p1_rtl_0|shift_taps_c6m:auto_generated|altsyncram_3l31:altsyncram4|ALTSYNCRAM ; AUTO ; Simple Dual Port ; 3            ; 34           ; 3            ; 34           ; 102  ; None ;
; EE465_filter_test_baseband:SRRC_test|antialiasing_filter:a1|altshift_taps:delay_p1_rtl_0|shift_taps_pnm:auto_generated|altsyncram_3l31:altsyncram4|ALTSYNCRAM  ; AUTO ; Simple Dual Port ; 3            ; 34           ; 3            ; 34           ; 102  ; None ;
+----------------------------------------------------------------------------------------------------------------------------------------------------------------+------+------------------+--------------+--------------+--------------+--------------+------+------+


+-----------------------------------------------------+
; Analysis & Synthesis DSP Block Usage Summary        ;
+---------------------------------------+-------------+
; Statistic                             ; Number Used ;
+---------------------------------------+-------------+
; Simple Multipliers (9-bit)            ; 0           ;
; Simple Multipliers (18-bit)           ; 8           ;
; Embedded Multiplier Blocks            ; --          ;
; Embedded Multiplier 9-bit elements    ; 16          ;
; Signed Embedded Multipliers           ; 8           ;
; Unsigned Embedded Multipliers         ; 0           ;
; Mixed Sign Embedded Multipliers       ; 0           ;
; Variable Sign Embedded Multipliers    ; 0           ;
; Dedicated Input Shift Register Chains ; 0           ;
+---------------------------------------+-------------+
Note: number of Embedded Multiplier Blocks used is only available after a successful fit.


+-----------------------------------------------------------------------------------------------------------------------------------------------------------+
; Registers Protected by Synthesis                                                                                                                          ;
+-------------------------------------------+------------------------------------------------------------------+--------------------------------------------+
; Register Name                             ; Protected by Synthesis Attribute or Preserve Register Assignment ; Not to be Touched by Netlist Optimizations ;
+-------------------------------------------+------------------------------------------------------------------+--------------------------------------------+
; registered_ADC_A[0]                       ; yes                                                              ; yes                                        ;
; registered_ADC_A[1]                       ; yes                                                              ; yes                                        ;
; registered_ADC_A[2]                       ; yes                                                              ; yes                                        ;
; registered_ADC_A[3]                       ; yes                                                              ; yes                                        ;
; registered_ADC_A[4]                       ; yes                                                              ; yes                                        ;
; registered_ADC_A[5]                       ; yes                                                              ; yes                                        ;
; registered_ADC_A[6]                       ; yes                                                              ; yes                                        ;
; registered_ADC_A[7]                       ; yes                                                              ; yes                                        ;
; registered_ADC_A[8]                       ; yes                                                              ; yes                                        ;
; registered_ADC_A[9]                       ; yes                                                              ; yes                                        ;
; registered_ADC_A[10]                      ; yes                                                              ; yes                                        ;
; registered_ADC_A[11]                      ; yes                                                              ; yes                                        ;
; registered_ADC_A[12]                      ; yes                                                              ; yes                                        ;
; registered_ADC_A[13]                      ; yes                                                              ; yes                                        ;
; Total number of protected registers is 14 ;                                                                  ;                                            ;
+-------------------------------------------+------------------------------------------------------------------+--------------------------------------------+


+------------------------------------------------------+
; General Register Statistics                          ;
+----------------------------------------------+-------+
; Statistic                                    ; Value ;
+----------------------------------------------+-------+
; Total registers                              ; 654   ;
; Number of registers using Synchronous Clear  ; 0     ;
; Number of registers using Synchronous Load   ; 1     ;
; Number of registers using Asynchronous Clear ; 0     ;
; Number of registers using Asynchronous Load  ; 0     ;
; Number of registers using Clock Enable       ; 308   ;
; Number of registers using Preset             ; 0     ;
+----------------------------------------------+-------+


+------------------------------------------------------------------------------------------------------------------------------+
; Source assignments for EE465_filter_test_baseband:SRRC_test                                                                  ;
+--------------------------------------------------------------------------------+--------------------+------+-----------------+
; Assignment                                                                     ; Value              ; From ; To              ;
+--------------------------------------------------------------------------------+--------------------+------+-----------------+
; ADV_NETLIST_OPT_SYNTH_WYSIWYG_REMAP                                            ; OFF                ;      ;                 ;
; SYNCHRONIZATION_REGISTER_CHAIN_LENGTH                                          ; 2                  ;      ;                 ;
; OPTIMIZE_POWER_DURING_SYNTHESIS                                                ; NORMAL COMPILATION ;      ;                 ;
; TXPMA_SLEW_RATE                                                                ; LOW                ;      ;                 ;
; ADCE_ENABLED                                                                   ; AUTO               ;      ;                 ;
; BLOCK_RAM_TO_MLAB_CELL_CONVERSION                                              ; ON                 ;      ;                 ;
; BLOCK_RAM_AND_MLAB_EQUIVALENT_POWER_UP_CONDITIONS                              ; AUTO               ;      ;                 ;
; BLOCK_RAM_AND_MLAB_EQUIVALENT_PAUSED_READ_CAPABILITIES                         ; CARE               ;      ;                 ;
; OPTIMIZE_POWER_DURING_FITTING                                                  ; NORMAL COMPILATION ;      ;                 ;
; PHYSICAL_SYNTHESIS_COMBO_LOGIC_FOR_AREA                                        ; OFF                ;      ;                 ;
; PHYSICAL_SYNTHESIS_COMBO_LOGIC                                                 ; OFF                ;      ;                 ;
; PHYSICAL_SYNTHESIS_REGISTER_DUPLICATION                                        ; OFF                ;      ;                 ;
; PHYSICAL_SYNTHESIS_MAP_LOGIC_TO_MEMORY_FOR_AREA                                ; OFF                ;      ;                 ;
; PHYSICAL_SYNTHESIS_REGISTER_RETIMING                                           ; OFF                ;      ;                 ;
; PHYSICAL_SYNTHESIS_ASYNCHRONOUS_SIGNAL_PIPELINING                              ; OFF                ;      ;                 ;
; ENABLE_BENEFICIAL_SKEW_OPTIMIZATION                                            ; ON                 ;      ;                 ;
; FORM_DDR_CLUSTERING_CLIQUE                                                     ; OFF                ;      ;                 ;
; POWER_REPORT_SIGNAL_ACTIVITY                                                   ; OFF                ;      ;                 ;
; POWER_REPORT_POWER_DISSIPATION                                                 ; OFF                ;      ;                 ;
; ARRIAIIGX_RX_CDR_LOCKUP_FIX_OVERRIDE                                           ; OFF                ;      ;                 ;
; MUX_RESTRUCTURE                                                                ; AUTO               ;      ;                 ;
; MLAB_ADD_TIMING_CONSTRAINTS_FOR_MIXED_PORT_FEED_THROUGH_MODE_SETTING_DONT_CARE ; OFF                ;      ;                 ;
; STATE_MACHINE_PROCESSING                                                       ; AUTO               ;      ;                 ;
; SAFE_STATE_MACHINE                                                             ; OFF                ;      ;                 ;
; IGNORE_VERILOG_INITIAL_CONSTRUCTS                                              ; OFF                ;      ;                 ;
; VERILOG_CONSTANT_LOOP_LIMIT                                                    ; 5000               ;      ;                 ;
; VERILOG_NON_CONSTANT_LOOP_LIMIT                                                ; 250                ;      ;                 ;
; INFER_RAMS_FROM_RAW_LOGIC                                                      ; ON                 ;      ;                 ;
; DSP_BLOCK_BALANCING                                                            ; AUTO               ;      ;                 ;
; NOT_GATE_PUSH_BACK                                                             ; ON                 ;      ;                 ;
; REMOVE_REDUNDANT_LOGIC_CELLS                                                   ; OFF                ;      ;                 ;
; REMOVE_DUPLICATE_REGISTERS                                                     ; ON                 ;      ;                 ;
; IGNORE_CARRY_BUFFERS                                                           ; OFF                ;      ;                 ;
; IGNORE_CASCADE_BUFFERS                                                         ; OFF                ;      ;                 ;
; IGNORE_GLOBAL_BUFFERS                                                          ; OFF                ;      ;                 ;
; IGNORE_ROW_GLOBAL_BUFFERS                                                      ; OFF                ;      ;                 ;
; IGNORE_LCELL_BUFFERS                                                           ; OFF                ;      ;                 ;
; MAX7000_IGNORE_LCELL_BUFFERS                                                   ; AUTO               ;      ;                 ;
; IGNORE_SOFT_BUFFERS                                                            ; ON                 ;      ;                 ;
; MAX7000_IGNORE_SOFT_BUFFERS                                                    ; OFF                ;      ;                 ;
; AUTO_GLOBAL_CLOCK_MAX                                                          ; ON                 ;      ;                 ;
; AUTO_GLOBAL_OE_MAX                                                             ; ON                 ;      ;                 ;
; MAX_AUTO_GLOBAL_REGISTER_CONTROLS                                              ; ON                 ;      ;                 ;
; AUTO_IMPLEMENT_IN_ROM                                                          ; OFF                ;      ;                 ;
; APEX20K_TECHNOLOGY_MAPPER                                                      ; LUT                ;      ;                 ;
; OPTIMIZATION_TECHNIQUE                                                         ; BALANCED           ;      ;                 ;
; STRATIXII_OPTIMIZATION_TECHNIQUE                                               ; BALANCED           ;      ;                 ;
; CYCLONE_OPTIMIZATION_TECHNIQUE                                                 ; BALANCED           ;      ;                 ;
; CYCLONEII_OPTIMIZATION_TECHNIQUE                                               ; BALANCED           ;      ;                 ;
; STRATIX_OPTIMIZATION_TECHNIQUE                                                 ; BALANCED           ;      ;                 ;
; MAXII_OPTIMIZATION_TECHNIQUE                                                   ; BALANCED           ;      ;                 ;
; MAX7000_OPTIMIZATION_TECHNIQUE                                                 ; SPEED              ;      ;                 ;
; APEX20K_OPTIMIZATION_TECHNIQUE                                                 ; BALANCED           ;      ;                 ;
; MERCURY_OPTIMIZATION_TECHNIQUE                                                 ; AREA               ;      ;                 ;
; FLEX6K_OPTIMIZATION_TECHNIQUE                                                  ; AREA               ;      ;                 ;
; FLEX10K_OPTIMIZATION_TECHNIQUE                                                 ; AREA               ;      ;                 ;
; ALLOW_XOR_GATE_USAGE                                                           ; ON                 ;      ;                 ;
; AUTO_LCELL_INSERTION                                                           ; ON                 ;      ;                 ;
; CARRY_CHAIN_LENGTH                                                             ; 48                 ;      ;                 ;
; FLEX6K_CARRY_CHAIN_LENGTH                                                      ; 32                 ;      ;                 ;
; FLEX10K_CARRY_CHAIN_LENGTH                                                     ; 32                 ;      ;                 ;
; MERCURY_CARRY_CHAIN_LENGTH                                                     ; 48                 ;      ;                 ;
; STRATIX_CARRY_CHAIN_LENGTH                                                     ; 70                 ;      ;                 ;
; STRATIXII_CARRY_CHAIN_LENGTH                                                   ; 70                 ;      ;                 ;
; CASCADE_CHAIN_LENGTH                                                           ; 2                  ;      ;                 ;
; PARALLEL_EXPANDER_CHAIN_LENGTH                                                 ; 16                 ;      ;                 ;
; MAX7000_PARALLEL_EXPANDER_CHAIN_LENGTH                                         ; 4                  ;      ;                 ;
; AUTO_CARRY_CHAINS                                                              ; ON                 ;      ;                 ;
; AUTO_CASCADE_CHAINS                                                            ; ON                 ;      ;                 ;
; AUTO_PARALLEL_EXPANDERS                                                        ; ON                 ;      ;                 ;
; AUTO_OPEN_DRAIN_PINS                                                           ; ON                 ;      ;                 ;
; AUTO_ROM_RECOGNITION                                                           ; ON                 ;      ;                 ;
; AUTO_RAM_RECOGNITION                                                           ; ON                 ;      ;                 ;
; AUTO_DSP_RECOGNITION                                                           ; ON                 ;      ;                 ;
; AUTO_SHIFT_REGISTER_RECOGNITION                                                ; AUTO               ;      ;                 ;
; ALLOW_SHIFT_REGISTER_MERGING_ACROSS_HIERARCHIES                                ; AUTO               ;      ;                 ;
; AUTO_CLOCK_ENABLE_RECOGNITION                                                  ; ON                 ;      ;                 ;
; STRICT_RAM_RECOGNITION                                                         ; OFF                ;      ;                 ;
; ALLOW_SYNCH_CTRL_USAGE                                                         ; ON                 ;      ;                 ;
; FORCE_SYNCH_CLEAR                                                              ; OFF                ;      ;                 ;
; AUTO_RAM_TO_LCELL_CONVERSION                                                   ; OFF                ;      ;                 ;
; AUTO_RESOURCE_SHARING                                                          ; OFF                ;      ;                 ;
; ALLOW_ANY_RAM_SIZE_FOR_RECOGNITION                                             ; OFF                ;      ;                 ;
; ALLOW_ANY_ROM_SIZE_FOR_RECOGNITION                                             ; OFF                ;      ;                 ;
; ALLOW_ANY_SHIFT_REGISTER_SIZE_FOR_RECOGNITION                                  ; OFF                ;      ;                 ;
; MAX7000_FANIN_PER_CELL                                                         ; 100                ;      ;                 ;
; SYNTH_TIMING_DRIVEN_SYNTHESIS                                                  ; ON                 ;      ;                 ;
; IGNORE_MAX_FANOUT_ASSIGNMENTS                                                  ; OFF                ;      ;                 ;
; USE_HIGH_SPEED_ADDER                                                           ; AUTO               ;      ;                 ;
; SYNTH_GATED_CLOCK_CONVERSION                                                   ; OFF                ;      ;                 ;
; BLOCK_DESIGN_NAMING                                                            ; AUTO               ;      ;                 ;
; SHIFT_REGISTER_RECOGNITION_ACLR_SIGNAL                                         ; ON                 ;      ;                 ;
; AUTO_MERGE_PLLS                                                                ; ON                 ;      ;                 ;
; IGNORE_MODE_FOR_MERGE                                                          ; OFF                ;      ;                 ;
; SLOW_SLEW_RATE                                                                 ; OFF                ;      ;                 ;
; PCI_IO                                                                         ; OFF                ;      ;                 ;
; TURBO_BIT                                                                      ; ON                 ;      ;                 ;
; WEAK_PULL_UP_RESISTOR                                                          ; OFF                ;      ;                 ;
; ENABLE_BUS_HOLD_CIRCUITRY                                                      ; OFF                ;      ;                 ;
; AUTO_GLOBAL_MEMORY_CONTROLS                                                    ; OFF                ;      ;                 ;
; QII_AUTO_PACKED_REGISTERS                                                      ; AUTO               ;      ;                 ;
; AUTO_PACKED_REGISTERS_MAX                                                      ; AUTO               ;      ;                 ;
; NORMAL_LCELL_INSERT                                                            ; ON                 ;      ;                 ;
; CARRY_OUT_PINS_LCELL_INSERT                                                    ; ON                 ;      ;                 ;
; XSTL_INPUT_ALLOW_SE_BUFFER                                                     ; OFF                ;      ;                 ;
; TREAT_BIDIR_AS_OUTPUT                                                          ; OFF                ;      ;                 ;
; AUTO_TURBO_BIT                                                                 ; ON                 ;      ;                 ;
; AUTO_GLOBAL_CLOCK                                                              ; ON                 ;      ;                 ;
; AUTO_GLOBAL_OE                                                                 ; ON                 ;      ;                 ;
; AUTO_GLOBAL_REGISTER_CONTROLS                                                  ; ON                 ;      ;                 ;
; SYNCHRONIZER_IDENTIFICATION                                                    ; OFF                ;      ;                 ;
; M144K_BLOCK_READ_CLOCK_DUTY_CYCLE_DEPENDENCY                                   ; OFF                ;      ;                 ;
; CLAMPING_DIODE                                                                 ; OFF                ;      ;                 ;
; IMPLEMENT_MLAB_IN_16_BIT_DEEP_MODE                                             ; OFF                ;      ;                 ;
; REMOVE_REDUNDANT_LOGIC_CELLS                                                   ; off                ;      ; mapped_lfsr[0]  ;
; REMOVE_REDUNDANT_LOGIC_CELLS                                                   ; off                ;      ; mapped_lfsr[10] ;
; REMOVE_REDUNDANT_LOGIC_CELLS                                                   ; off                ;      ; mapped_lfsr[11] ;
; REMOVE_REDUNDANT_LOGIC_CELLS                                                   ; off                ;      ; mapped_lfsr[12] ;
; REMOVE_REDUNDANT_LOGIC_CELLS                                                   ; off                ;      ; mapped_lfsr[13] ;
; REMOVE_REDUNDANT_LOGIC_CELLS                                                   ; off                ;      ; mapped_lfsr[14] ;
; REMOVE_REDUNDANT_LOGIC_CELLS                                                   ; off                ;      ; mapped_lfsr[15] ;
; REMOVE_REDUNDANT_LOGIC_CELLS                                                   ; off                ;      ; mapped_lfsr[16] ;
; REMOVE_REDUNDANT_LOGIC_CELLS                                                   ; off                ;      ; mapped_lfsr[17] ;
; REMOVE_REDUNDANT_LOGIC_CELLS                                                   ; off                ;      ; mapped_lfsr[1]  ;
; REMOVE_REDUNDANT_LOGIC_CELLS                                                   ; off                ;      ; mapped_lfsr[2]  ;
; REMOVE_REDUNDANT_LOGIC_CELLS                                                   ; off                ;      ; mapped_lfsr[3]  ;
; REMOVE_REDUNDANT_LOGIC_CELLS                                                   ; off                ;      ; mapped_lfsr[4]  ;
; REMOVE_REDUNDANT_LOGIC_CELLS                                                   ; off                ;      ; mapped_lfsr[5]  ;
; REMOVE_REDUNDANT_LOGIC_CELLS                                                   ; off                ;      ; mapped_lfsr[6]  ;
; REMOVE_REDUNDANT_LOGIC_CELLS                                                   ; off                ;      ; mapped_lfsr[7]  ;
; REMOVE_REDUNDANT_LOGIC_CELLS                                                   ; off                ;      ; mapped_lfsr[8]  ;
; REMOVE_REDUNDANT_LOGIC_CELLS                                                   ; off                ;      ; mapped_lfsr[9]  ;
; IGNORE_LCELL_BUFFERS                                                           ; off                ;      ; mapped_lfsr[0]  ;
; IGNORE_LCELL_BUFFERS                                                           ; off                ;      ; mapped_lfsr[10] ;
; IGNORE_LCELL_BUFFERS                                                           ; off                ;      ; mapped_lfsr[11] ;
; IGNORE_LCELL_BUFFERS                                                           ; off                ;      ; mapped_lfsr[12] ;
; IGNORE_LCELL_BUFFERS                                                           ; off                ;      ; mapped_lfsr[13] ;
; IGNORE_LCELL_BUFFERS                                                           ; off                ;      ; mapped_lfsr[14] ;
; IGNORE_LCELL_BUFFERS                                                           ; off                ;      ; mapped_lfsr[15] ;
; IGNORE_LCELL_BUFFERS                                                           ; off                ;      ; mapped_lfsr[16] ;
; IGNORE_LCELL_BUFFERS                                                           ; off                ;      ; mapped_lfsr[17] ;
; IGNORE_LCELL_BUFFERS                                                           ; off                ;      ; mapped_lfsr[1]  ;
; IGNORE_LCELL_BUFFERS                                                           ; off                ;      ; mapped_lfsr[2]  ;
; IGNORE_LCELL_BUFFERS                                                           ; off                ;      ; mapped_lfsr[3]  ;
; IGNORE_LCELL_BUFFERS                                                           ; off                ;      ; mapped_lfsr[4]  ;
; IGNORE_LCELL_BUFFERS                                                           ; off                ;      ; mapped_lfsr[5]  ;
; IGNORE_LCELL_BUFFERS                                                           ; off                ;      ; mapped_lfsr[6]  ;
; IGNORE_LCELL_BUFFERS                                                           ; off                ;      ; mapped_lfsr[7]  ;
; IGNORE_LCELL_BUFFERS                                                           ; off                ;      ; mapped_lfsr[8]  ;
; IGNORE_LCELL_BUFFERS                                                           ; off                ;      ; mapped_lfsr[9]  ;
; OPTIMIZE_POWER_DURING_SYNTHESIS                                                ; NORMAL_COMPILATION ;      ;                 ;
+--------------------------------------------------------------------------------+--------------------+------+-----------------+


+-----------------------------------------------------------------+
; Source assignments for Top-level Entity: |lab_exam_1            ;
+---------------------------+-------+------+----------------------+
; Assignment                ; Value ; From ; To                   ;
+---------------------------+-------+------+----------------------+
; PRESERVE_REGISTER         ; on    ; -    ; registered_ADC_B[0]  ;
; PRESERVE_FANOUT_FREE_NODE ; on    ; -    ; registered_ADC_B[0]  ;
; PRESERVE_REGISTER         ; on    ; -    ; registered_ADC_A[0]  ;
; PRESERVE_FANOUT_FREE_NODE ; on    ; -    ; registered_ADC_A[0]  ;
; PRESERVE_REGISTER         ; on    ; -    ; registered_ADC_B[1]  ;
; PRESERVE_FANOUT_FREE_NODE ; on    ; -    ; registered_ADC_B[1]  ;
; PRESERVE_REGISTER         ; on    ; -    ; registered_ADC_B[2]  ;
; PRESERVE_FANOUT_FREE_NODE ; on    ; -    ; registered_ADC_B[2]  ;
; PRESERVE_REGISTER         ; on    ; -    ; registered_ADC_B[3]  ;
; PRESERVE_FANOUT_FREE_NODE ; on    ; -    ; registered_ADC_B[3]  ;
; PRESERVE_REGISTER         ; on    ; -    ; registered_ADC_B[4]  ;
; PRESERVE_FANOUT_FREE_NODE ; on    ; -    ; registered_ADC_B[4]  ;
; PRESERVE_REGISTER         ; on    ; -    ; registered_ADC_B[5]  ;
; PRESERVE_FANOUT_FREE_NODE ; on    ; -    ; registered_ADC_B[5]  ;
; PRESERVE_REGISTER         ; on    ; -    ; registered_ADC_B[6]  ;
; PRESERVE_FANOUT_FREE_NODE ; on    ; -    ; registered_ADC_B[6]  ;
; PRESERVE_REGISTER         ; on    ; -    ; registered_ADC_B[7]  ;
; PRESERVE_FANOUT_FREE_NODE ; on    ; -    ; registered_ADC_B[7]  ;
; PRESERVE_REGISTER         ; on    ; -    ; registered_ADC_B[8]  ;
; PRESERVE_FANOUT_FREE_NODE ; on    ; -    ; registered_ADC_B[8]  ;
; PRESERVE_REGISTER         ; on    ; -    ; registered_ADC_B[9]  ;
; PRESERVE_FANOUT_FREE_NODE ; on    ; -    ; registered_ADC_B[9]  ;
; PRESERVE_REGISTER         ; on    ; -    ; registered_ADC_B[10] ;
; PRESERVE_FANOUT_FREE_NODE ; on    ; -    ; registered_ADC_B[10] ;
; PRESERVE_REGISTER         ; on    ; -    ; registered_ADC_B[11] ;
; PRESERVE_FANOUT_FREE_NODE ; on    ; -    ; registered_ADC_B[11] ;
; PRESERVE_REGISTER         ; on    ; -    ; registered_ADC_B[12] ;
; PRESERVE_FANOUT_FREE_NODE ; on    ; -    ; registered_ADC_B[12] ;
; PRESERVE_REGISTER         ; on    ; -    ; registered_ADC_B[13] ;
; PRESERVE_FANOUT_FREE_NODE ; on    ; -    ; registered_ADC_B[13] ;
; PRESERVE_REGISTER         ; on    ; -    ; registered_ADC_A[1]  ;
; PRESERVE_FANOUT_FREE_NODE ; on    ; -    ; registered_ADC_A[1]  ;
; PRESERVE_REGISTER         ; on    ; -    ; registered_ADC_A[2]  ;
; PRESERVE_FANOUT_FREE_NODE ; on    ; -    ; registered_ADC_A[2]  ;
; PRESERVE_REGISTER         ; on    ; -    ; registered_ADC_A[3]  ;
; PRESERVE_FANOUT_FREE_NODE ; on    ; -    ; registered_ADC_A[3]  ;
; PRESERVE_REGISTER         ; on    ; -    ; registered_ADC_A[4]  ;
; PRESERVE_FANOUT_FREE_NODE ; on    ; -    ; registered_ADC_A[4]  ;
; PRESERVE_REGISTER         ; on    ; -    ; registered_ADC_A[5]  ;
; PRESERVE_FANOUT_FREE_NODE ; on    ; -    ; registered_ADC_A[5]  ;
; PRESERVE_REGISTER         ; on    ; -    ; registered_ADC_A[6]  ;
; PRESERVE_FANOUT_FREE_NODE ; on    ; -    ; registered_ADC_A[6]  ;
; PRESERVE_REGISTER         ; on    ; -    ; registered_ADC_A[7]  ;
; PRESERVE_FANOUT_FREE_NODE ; on    ; -    ; registered_ADC_A[7]  ;
; PRESERVE_REGISTER         ; on    ; -    ; registered_ADC_A[8]  ;
; PRESERVE_FANOUT_FREE_NODE ; on    ; -    ; registered_ADC_A[8]  ;
; PRESERVE_REGISTER         ; on    ; -    ; registered_ADC_A[9]  ;
; PRESERVE_FANOUT_FREE_NODE ; on    ; -    ; registered_ADC_A[9]  ;
; PRESERVE_REGISTER         ; on    ; -    ; registered_ADC_A[10] ;
; PRESERVE_FANOUT_FREE_NODE ; on    ; -    ; registered_ADC_A[10] ;
; PRESERVE_REGISTER         ; on    ; -    ; registered_ADC_A[11] ;
; PRESERVE_FANOUT_FREE_NODE ; on    ; -    ; registered_ADC_A[11] ;
; PRESERVE_REGISTER         ; on    ; -    ; registered_ADC_A[12] ;
; PRESERVE_FANOUT_FREE_NODE ; on    ; -    ; registered_ADC_A[12] ;
; PRESERVE_REGISTER         ; on    ; -    ; registered_ADC_A[13] ;
; PRESERVE_FANOUT_FREE_NODE ; on    ; -    ; registered_ADC_A[13] ;
+---------------------------+-------+------+----------------------+


+-----------------------------------------------------+
; Post-Synthesis Netlist Statistics for Top Partition ;
+------------------------------------------+----------+
; Type                                     ; Count    ;
+------------------------------------------+----------+
; blackbox                                 ; 1        ;
;     EE465_filter_test_baseband:SRRC_test ; 1        ;
; boundary_port                            ; 151      ;
; cycloneiii_ff                            ; 56       ;
;     plain                                ; 56       ;
; cycloneiii_lcell_comb                    ; 4        ;
;     normal                               ; 4        ;
;         0 data inputs                    ; 2        ;
;         1 data inputs                    ; 2        ;
;                                          ;          ;
; Max LUT depth                            ; 1.00     ;
; Average LUT depth                        ; 0.03     ;
+------------------------------------------+----------+


+-------------------------------+
; Elapsed Time Per Partition    ;
+----------------+--------------+
; Partition Name ; Elapsed Time ;
+----------------+--------------+
; Top            ; 00:00:00     ;
+----------------+--------------+


+-------------------------------+
; Analysis & Synthesis Messages ;
+-------------------------------+
Info: *******************************************************************
Info: Running Quartus Prime Analysis & Synthesis
    Info: Version 16.1.0 Build 196 10/24/2016 SJ Lite Edition
    Info: Processing started: Mon Jan 23 20:33:36 2017
Info: Command: quartus_map --read_settings_files=on --write_settings_files=off lab_exam_1 -c lab_exam_1
Info (20030): Parallel compilation is enabled and will use 4 of the 4 processors detected
Info (12021): Found 1 design units, including 1 entities, in source file /linux/mod465/design/srrc_tx_lut_flt.v
    Info (12023): Found entity 1: srrc_tx_lut_flt File: C:/linux/MOD465/design/srrc_tx_lut_flt.v Line: 6
Info (12021): Found 1 design units, including 1 entities, in source file /linux/mod465/design/srrc_tx_flt.v
    Info (12023): Found entity 1: srrc_tx_flt File: C:/linux/MOD465/design/srrc_tx_flt.v Line: 4
Info (12021): Found 1 design units, including 1 entities, in source file /linux/mod465/design/srrc_rx_flt.v
    Info (12023): Found entity 1: srrc_rx_flt File: C:/linux/MOD465/design/srrc_rx_flt.v Line: 4
Info (12021): Found 1 design units, including 1 entities, in source file lab_exam_1.v
    Info (12023): Found entity 1: lab_exam_1 File: C:/linux/MOD465/exams/lab-exam-1/lab_exam_1.v Line: 1
Info (12021): Found 1 design units, including 1 entities, in source file ee465_filter_test_baseband.qxp
    Info (12023): Found entity 1: EE465_filter_test_baseband File: C:/linux/MOD465/exams/lab-exam-1/EE465_filter_test_baseband.qxp Line: -1
Info (12127): Elaborating entity "lab_exam_1" for the top level hierarchy
Warning (10036): Verilog HDL or VHDL warning at lab_exam_1.v(39): object "registered_ADC_B" assigned a value but never read File: C:/linux/MOD465/exams/lab-exam-1/lab_exam_1.v Line: 39
Info (12128): Elaborating entity "EE465_filter_test_baseband" for hierarchy "EE465_filter_test_baseband:SRRC_test" File: C:/linux/MOD465/exams/lab-exam-1/lab_exam_1.v Line: 114
Warning (12240): Synthesis found one or more imported partitions that will be treated as black boxes for timing analysis during synthesis
Warning (13024): Output pins are stuck at VCC or GND
    Warning (13410): Pin "ADC_OEB_A" is stuck at VCC File: C:/linux/MOD465/exams/lab-exam-1/lab_exam_1.v Line: 13
    Warning (13410): Pin "ADC_OEB_B" is stuck at VCC File: C:/linux/MOD465/exams/lab-exam-1/lab_exam_1.v Line: 14
    Warning (13410): Pin "DAC_MODE" is stuck at VCC File: C:/linux/MOD465/exams/lab-exam-1/lab_exam_1.v Line: 17
    Warning (13410): Pin "srrc_out[0]" is stuck at GND File: C:/linux/MOD465/exams/lab-exam-1/lab_exam_1.v Line: 20
    Warning (13410): Pin "srrc_out[1]" is stuck at GND File: C:/linux/MOD465/exams/lab-exam-1/lab_exam_1.v Line: 20
    Warning (13410): Pin "srrc_out[2]" is stuck at GND File: C:/linux/MOD465/exams/lab-exam-1/lab_exam_1.v Line: 20
    Warning (13410): Pin "srrc_out[3]" is stuck at GND File: C:/linux/MOD465/exams/lab-exam-1/lab_exam_1.v Line: 20
    Warning (13410): Pin "srrc_out[4]" is stuck at GND File: C:/linux/MOD465/exams/lab-exam-1/lab_exam_1.v Line: 20
    Warning (13410): Pin "srrc_out[5]" is stuck at GND File: C:/linux/MOD465/exams/lab-exam-1/lab_exam_1.v Line: 20
    Warning (13410): Pin "srrc_out[6]" is stuck at GND File: C:/linux/MOD465/exams/lab-exam-1/lab_exam_1.v Line: 20
    Warning (13410): Pin "srrc_out[7]" is stuck at GND File: C:/linux/MOD465/exams/lab-exam-1/lab_exam_1.v Line: 20
    Warning (13410): Pin "srrc_out[8]" is stuck at GND File: C:/linux/MOD465/exams/lab-exam-1/lab_exam_1.v Line: 20
    Warning (13410): Pin "srrc_out[9]" is stuck at GND File: C:/linux/MOD465/exams/lab-exam-1/lab_exam_1.v Line: 20
    Warning (13410): Pin "srrc_out[10]" is stuck at GND File: C:/linux/MOD465/exams/lab-exam-1/lab_exam_1.v Line: 20
    Warning (13410): Pin "srrc_out[11]" is stuck at GND File: C:/linux/MOD465/exams/lab-exam-1/lab_exam_1.v Line: 20
    Warning (13410): Pin "srrc_out[12]" is stuck at GND File: C:/linux/MOD465/exams/lab-exam-1/lab_exam_1.v Line: 20
    Warning (13410): Pin "srrc_out[13]" is stuck at GND File: C:/linux/MOD465/exams/lab-exam-1/lab_exam_1.v Line: 20
    Warning (13410): Pin "srrc_out[14]" is stuck at GND File: C:/linux/MOD465/exams/lab-exam-1/lab_exam_1.v Line: 20
    Warning (13410): Pin "srrc_out[15]" is stuck at GND File: C:/linux/MOD465/exams/lab-exam-1/lab_exam_1.v Line: 20
    Warning (13410): Pin "srrc_out[16]" is stuck at GND File: C:/linux/MOD465/exams/lab-exam-1/lab_exam_1.v Line: 20
    Warning (13410): Pin "srrc_out[17]" is stuck at GND File: C:/linux/MOD465/exams/lab-exam-1/lab_exam_1.v Line: 20
Info (286031): Timing-Driven Synthesis is running on partition "Top"
Info (35026): Attempting to remove 74 I/O cell(s) that do not connect to top-level pins or have illegal connectivity
    Info (35027): Removed I/O cell "EE465_filter_test_baseband:SRRC_test|output_from_filter_1s17[0]~input"
    Info (35027): Removed I/O cell "EE465_filter_test_baseband:SRRC_test|output_from_filter_1s17[0]"
    Info (35027): Removed I/O cell "EE465_filter_test_baseband:SRRC_test|system_clk~output"
    Info (35027): Removed I/O cell "EE465_filter_test_baseband:SRRC_test|system_clk"
    Info (35027): Removed I/O cell "EE465_filter_test_baseband:SRRC_test|output_to_DAC[0]~output"
    Info (35027): Removed I/O cell "EE465_filter_test_baseband:SRRC_test|output_to_DAC[0]"
    Info (35027): Removed I/O cell "EE465_filter_test_baseband:SRRC_test|output_to_DAC[1]~output"
    Info (35027): Removed I/O cell "EE465_filter_test_baseband:SRRC_test|output_to_DAC[1]"
    Info (35027): Removed I/O cell "EE465_filter_test_baseband:SRRC_test|output_to_DAC[2]~output"
    Info (35027): Removed I/O cell "EE465_filter_test_baseband:SRRC_test|output_to_DAC[2]"
    Info (35027): Removed I/O cell "EE465_filter_test_baseband:SRRC_test|output_to_DAC[3]~output"
    Info (35027): Removed I/O cell "EE465_filter_test_baseband:SRRC_test|output_to_DAC[3]"
    Info (35027): Removed I/O cell "EE465_filter_test_baseband:SRRC_test|output_to_DAC[4]~output"
    Info (35027): Removed I/O cell "EE465_filter_test_baseband:SRRC_test|output_to_DAC[4]"
    Info (35027): Removed I/O cell "EE465_filter_test_baseband:SRRC_test|output_to_DAC[5]~output"
    Info (35027): Removed I/O cell "EE465_filter_test_baseband:SRRC_test|output_to_DAC[5]"
    Info (35027): Removed I/O cell "EE465_filter_test_baseband:SRRC_test|output_to_DAC[6]~output"
    Info (35027): Removed I/O cell "EE465_filter_test_baseband:SRRC_test|output_to_DAC[6]"
    Info (35027): Removed I/O cell "EE465_filter_test_baseband:SRRC_test|output_to_DAC[7]~output"
    Info (35027): Removed I/O cell "EE465_filter_test_baseband:SRRC_test|output_to_DAC[7]"
    Info (35027): Removed I/O cell "EE465_filter_test_baseband:SRRC_test|output_to_DAC[8]~output"
    Info (35027): Removed I/O cell "EE465_filter_test_baseband:SRRC_test|output_to_DAC[8]"
    Info (35027): Removed I/O cell "EE465_filter_test_baseband:SRRC_test|output_to_DAC[9]~output"
    Info (35027): Removed I/O cell "EE465_filter_test_baseband:SRRC_test|output_to_DAC[9]"
    Info (35027): Removed I/O cell "EE465_filter_test_baseband:SRRC_test|output_to_DAC[10]~output"
    Info (35027): Removed I/O cell "EE465_filter_test_baseband:SRRC_test|output_to_DAC[10]"
    Info (35027): Removed I/O cell "EE465_filter_test_baseband:SRRC_test|output_to_DAC[11]~output"
    Info (35027): Removed I/O cell "EE465_filter_test_baseband:SRRC_test|output_to_DAC[11]"
    Info (35027): Removed I/O cell "EE465_filter_test_baseband:SRRC_test|output_to_DAC[12]~output"
    Info (35027): Removed I/O cell "EE465_filter_test_baseband:SRRC_test|output_to_DAC[12]"
    Info (35027): Removed I/O cell "EE465_filter_test_baseband:SRRC_test|output_to_DAC[13]~output"
    Info (35027): Removed I/O cell "EE465_filter_test_baseband:SRRC_test|output_to_DAC[13]"
    Info (35027): Removed I/O cell "EE465_filter_test_baseband:SRRC_test|filter_input_scale[2]~input"
    Info (35027): Removed I/O cell "EE465_filter_test_baseband:SRRC_test|filter_input_scale[2]"
    Info (35027): Removed I/O cell "EE465_filter_test_baseband:SRRC_test|filter_input_scale[0]~input"
    Info (35027): Removed I/O cell "EE465_filter_test_baseband:SRRC_test|filter_input_scale[0]"
    Info (35027): Removed I/O cell "EE465_filter_test_baseband:SRRC_test|filter_input_scale[1]~input"
    Info (35027): Removed I/O cell "EE465_filter_test_baseband:SRRC_test|filter_input_scale[1]"
    Info (35027): Removed I/O cell "EE465_filter_test_baseband:SRRC_test|reset~input"
    Info (35027): Removed I/O cell "EE465_filter_test_baseband:SRRC_test|reset"
    Info (35027): Removed I/O cell "EE465_filter_test_baseband:SRRC_test|output_from_filter_1s17[7]~input"
    Info (35027): Removed I/O cell "EE465_filter_test_baseband:SRRC_test|output_from_filter_1s17[7]"
    Info (35027): Removed I/O cell "EE465_filter_test_baseband:SRRC_test|output_from_filter_1s17[6]~input"
    Info (35027): Removed I/O cell "EE465_filter_test_baseband:SRRC_test|output_from_filter_1s17[6]"
    Info (35027): Removed I/O cell "EE465_filter_test_baseband:SRRC_test|output_from_filter_1s17[5]~input"
    Info (35027): Removed I/O cell "EE465_filter_test_baseband:SRRC_test|output_from_filter_1s17[5]"
    Info (35027): Removed I/O cell "EE465_filter_test_baseband:SRRC_test|output_from_filter_1s17[4]~input"
    Info (35027): Removed I/O cell "EE465_filter_test_baseband:SRRC_test|output_from_filter_1s17[4]"
    Info (35027): Removed I/O cell "EE465_filter_test_baseband:SRRC_test|output_from_filter_1s17[3]~input"
    Info (35027): Removed I/O cell "EE465_filter_test_baseband:SRRC_test|output_from_filter_1s17[3]"
    Info (35027): Removed I/O cell "EE465_filter_test_baseband:SRRC_test|output_from_filter_1s17[2]~input"
    Info (35027): Removed I/O cell "EE465_filter_test_baseband:SRRC_test|output_from_filter_1s17[2]"
    Info (35027): Removed I/O cell "EE465_filter_test_baseband:SRRC_test|output_from_filter_1s17[1]~input"
    Info (35027): Removed I/O cell "EE465_filter_test_baseband:SRRC_test|output_from_filter_1s17[1]"
    Info (35027): Removed I/O cell "EE465_filter_test_baseband:SRRC_test|output_from_filter_1s17[8]~input"
    Info (35027): Removed I/O cell "EE465_filter_test_baseband:SRRC_test|output_from_filter_1s17[8]"
    Info (35027): Removed I/O cell "EE465_filter_test_baseband:SRRC_test|output_from_filter_1s17[9]~input"
    Info (35027): Removed I/O cell "EE465_filter_test_baseband:SRRC_test|output_from_filter_1s17[9]"
    Info (35027): Removed I/O cell "EE465_filter_test_baseband:SRRC_test|output_from_filter_1s17[10]~input"
    Info (35027): Removed I/O cell "EE465_filter_test_baseband:SRRC_test|output_from_filter_1s17[10]"
    Info (35027): Removed I/O cell "EE465_filter_test_baseband:SRRC_test|output_from_filter_1s17[11]~input"
    Info (35027): Removed I/O cell "EE465_filter_test_baseband:SRRC_test|output_from_filter_1s17[11]"
    Info (35027): Removed I/O cell "EE465_filter_test_baseband:SRRC_test|output_from_filter_1s17[12]~input"
    Info (35027): Removed I/O cell "EE465_filter_test_baseband:SRRC_test|output_from_filter_1s17[12]"
    Info (35027): Removed I/O cell "EE465_filter_test_baseband:SRRC_test|output_from_filter_1s17[13]~input"
    Info (35027): Removed I/O cell "EE465_filter_test_baseband:SRRC_test|output_from_filter_1s17[13]"
    Info (35027): Removed I/O cell "EE465_filter_test_baseband:SRRC_test|output_from_filter_1s17[14]~input"
    Info (35027): Removed I/O cell "EE465_filter_test_baseband:SRRC_test|output_from_filter_1s17[14]"
    Info (35027): Removed I/O cell "EE465_filter_test_baseband:SRRC_test|output_from_filter_1s17[15]~input"
    Info (35027): Removed I/O cell "EE465_filter_test_baseband:SRRC_test|output_from_filter_1s17[15]"
    Info (35027): Removed I/O cell "EE465_filter_test_baseband:SRRC_test|output_from_filter_1s17[16]~input"
    Info (35027): Removed I/O cell "EE465_filter_test_baseband:SRRC_test|output_from_filter_1s17[16]"
    Info (35027): Removed I/O cell "EE465_filter_test_baseband:SRRC_test|output_from_filter_1s17[17]~input"
    Info (35027): Removed I/O cell "EE465_filter_test_baseband:SRRC_test|output_from_filter_1s17[17]"
Info (16010): Generating hard_block partition "hard_block:auto_generated_inst"
    Info (16011): Adding 0 node(s), including 0 DDIO, 0 PLL, 0 transceiver and 0 LCELL
Info (21057): Implemented 1161 device resources after synthesis - the final resource count might be different
    Info (21058): Implemented 51 input pins
    Info (21059): Implemented 100 output pins
    Info (21061): Implemented 926 logic cells
    Info (21064): Implemented 68 RAM segments
    Info (21062): Implemented 16 DSP elements
Info: Quartus Prime Analysis & Synthesis was successful. 0 errors, 24 warnings
    Info: Peak virtual memory: 654 megabytes
    Info: Processing ended: Mon Jan 23 20:33:52 2017
    Info: Elapsed time: 00:00:16
    Info: Total CPU time (on all processors): 00:00:37


